[1205/140330.260:ERROR:process_memory_win.cc(73)] ReadMemory at 0x1c3bf8c38f0 of 72 bytes failed: Only part of a ReadProcessMemory or WriteProcessMemory request was completed. (0x12B)
[1205/140330.262:WARNING:pe_image_annotations_reader.cc(134)] could not read annotations list object in C:\Program Files (x86)\Google\Chrome\Application\78.0.3904.108\chrome_elf.dll
[1205/140330.263:ERROR:process_memory_win.cc(73)] ReadMemory at 0x1c3bf9b5950 of 72 bytes failed: Only part of a ReadProcessMemory or WriteProcessMemory request was completed. (0x12B)
[1205/140330.263:WARNING:pe_image_annotations_reader.cc(134)] could not read annotations list object in C:\Program Files (x86)\Google\Chrome\Application\78.0.3904.108\chrome_child.dll
[1205/140330.293:ERROR:process_memory_win.cc(73)] ReadMemory at 0x7ffe627c0000 of 64 bytes failed: Only part of a ReadProcessMemory or WriteProcessMemory request was completed. (0x12B)
[1205/140330.293:WARNING:pe_image_reader.cc(340)] could not read dos header from C:\WINDOWS\System32\OLEAUT32.dll
[1205/140330.293:ERROR:process_memory_win.cc(73)] ReadMemory at 0x7ffe627c0000 of 64 bytes failed: Only part of a ReadProcessMemory or WriteProcessMemory request was completed. (0x12B)
[1205/140330.293:WARNING:pe_image_reader.cc(340)] could not read dos header from C:\WINDOWS\System32\OLEAUT32.dll
[1205/140330.293:ERROR:process_memory_win.cc(73)] ReadMemory at 0x7ffe61bf0000 of 64 bytes failed: Only part of a ReadProcessMemory or WriteProcessMemory request was completed. (0x12B)
[1205/140330.293:WARNING:pe_image_reader.cc(340)] could not read dos header from C:\WINDOWS\System32\msvcp_win.dll
[1205/140330.293:ERROR:process_memory_win.cc(73)] ReadMemory at 0x7ffe61bf0000 of 64 bytes failed: Only part of a ReadProcessMemory or WriteProcessMemory request was completed. (0x12B)
[1205/140330.293:WARNING:pe_image_reader.cc(340)] could not read dos header from C:\WINDOWS\System32\msvcp_win.dll
[1205/140330.293:ERROR:process_memory_win.cc(73)] ReadMemory at 0x7ffe61c90000 of 64 bytes failed: Only part of a ReadProcessMemory or WriteProcessMemory request was completed. (0x12B)
[1205/140330.293:WARNING:pe_image_reader.cc(340)] could not read dos header from C:\WINDOWS\System32\ucrtbase.dll
[1205/140330.293:ERROR:process_memory_win.cc(73)] ReadMemory at 0x7ffe61c90000 of 64 bytes failed: Only part of a ReadProcessMemory or WriteProcessMemory request was completed. (0x12B)
[1205/140330.293:WARNING:pe_image_reader.cc(340)] could not read dos header from C:\WINDOWS\System32\ucrtbase.dll
[1205/140330.293:ERROR:process_memory_win.cc(73)] ReadMemory at 0x7ffe63a40000 of 64 bytes failed: Only part of a ReadProcessMemory or WriteProcessMemory request was completed. (0x12B)
[1205/140330.294:WARNING:pe_image_reader.cc(340)] could not read dos header from C:\WINDOWS\System32\combase.dll
[1205/140330.294:ERROR:process_memory_win.cc(73)] ReadMemory at 0x7ffe63a40000 of 64 bytes failed: Only part of a ReadProcessMemory or WriteProcessMemory request was completed. (0x12B)
[1205/140330.294:WARNING:pe_image_reader.cc(340)] could not read dos header from C:\WINDOWS\System32\combase.dll
[1205/140330.294:ERROR:process_memory_win.cc(73)] ReadMemory at 0x7ffe63430000 of 64 bytes failed: Only part of a ReadProcessMemory or WriteProcessMemory request was completed. (0x12B)
[1205/140330.294:WARNING:pe_image_reader.cc(340)] could not read dos header from C:\WINDOWS\System32\WS2_32.dll
[1205/140330.294:ERROR:process_memory_win.cc(73)] ReadMemory at 0x7ffe63430000 of 64 bytes failed: Only part of a ReadProcessMemory or WriteProcessMemory request was completed. (0x12B)
[1205/140330.294:WARNING:pe_image_reader.cc(340)] could not read dos header from C:\WINDOWS\System32\WS2_32.dll
[1205/140330.294:ERROR:process_memory_win.cc(73)] ReadMemory at 0x7ffe61410000 of 64 bytes failed: Only part of a ReadProcessMemory or WriteProcessMemory request was completed. (0x12B)
[1205/140330.294:WARNING:pe_image_reader.cc(340)] could not read dos header from C:\WINDOWS\System32\WINTRUST.dll
[1205/140330.295:ERROR:process_memory_win.cc(73)] ReadMemory at 0x7ffe61410000 of 64 bytes failed: Only part of a ReadProcessMemory or WriteProcessMemory request was completed. (0x12B)
[1205/140330.295:WARNING:pe_image_reader.cc(340)] could not read dos header from C:\WINDOWS\System32\WINTRUST.dll
[1205/140330.295:ERROR:process_memory_win.cc(73)] ReadMemory at 0x7ffe613d0000 of 64 bytes failed: Only part of a ReadProcessMemory or WriteProcessMemory request was completed. (0x12B)
[1205/140330.295:WARNING:pe_image_reader.cc(340)] could not read dos header from C:\WINDOWS\System32\MSASN1.dll
[1205/140330.295:ERROR:process_memory_win.cc(73)] ReadMemory at 0x7ffe613d0000 of 64 bytes failed: Only part of a ReadProcessMemory or WriteProcessMemory request was completed. (0x12B)
[1205/140330.295:WARNING:pe_image_reader.cc(340)] could not read dos header from C:\WINDOWS\System32\MSASN1.dll
[1205/140330.295:ERROR:process_memory_win.cc(73)] ReadMemory at 0x7ffe61df0000 of 64 bytes failed: Only part of a ReadProcessMemory or WriteProcessMemory request was completed. (0x12B)
[1205/140330.295:WARNING:pe_image_reader.cc(340)] could not read dos header from C:\WINDOWS\System32\CRYPT32.dll
[1205/140330.295:ERROR:process_memory_win.cc(73)] ReadMemory at 0x7ffe61df0000 of 64 bytes failed: Only part of a ReadProcessMemory or WriteProcessMemory request was completed. (0x12B)
[1205/140330.295:WARNING:pe_image_reader.cc(340)] could not read dos header from C:\WINDOWS\System32\CRYPT32.dll
[1205/140330.295:ERROR:process_memory_win.cc(73)] ReadMemory at 0x7ffe60830000 of 64 bytes failed: Only part of a ReadProcessMemory or WriteProcessMemory request was completed. (0x12B)
[1205/140330.295:WARNING:pe_image_reader.cc(340)] could not read dos header from C:\WINDOWS\SYSTEM32\IPHLPAPI.DLL
[1205/140330.295:ERROR:process_memory_win.cc(73)] ReadMemory at 0x7ffe60830000 of 64 bytes failed: Only part of a ReadProcessMemory or WriteProcessMemory request was completed. (0x12B)
[1205/140330.295:WARNING:pe_image_reader.cc(340)] could not read dos header from C:\WINDOWS\SYSTEM32\IPHLPAPI.DLL
[1205/140330.295:ERROR:process_memory_win.cc(73)] ReadMemory at 0x7ffe5ebe0000 of 64 bytes failed: Only part of a ReadProcessMemory or WriteProcessMemory request was completed. (0x12B)
[1205/140330.295:WARNING:pe_image_reader.cc(340)] could not read dos header from C:\WINDOWS\SYSTEM32\WINMM.dll
[1205/140330.295:ERROR:process_memory_win.cc(73)] ReadMemory at 0x7ffe5ebe0000 of 64 bytes failed: Only part of a ReadProcessMemory or WriteProcessMemory request was completed. (0x12B)
[1205/140330.295:WARNING:pe_image_reader.cc(340)] could not read dos header from C:\WINDOWS\SYSTEM32\WINMM.dll
[1205/140330.296:ERROR:process_memory_win.cc(73)] ReadMemory at 0x7ffe61270000 of 64 bytes failed: Only part of a ReadProcessMemory or WriteProcessMemory request was completed. (0x12B)
[1205/140330.296:WARNING:pe_image_reader.cc(340)] could not read dos header from C:\WINDOWS\SYSTEM32\USERENV.dll
[1205/140330.296:ERROR:process_memory_win.cc(73)] ReadMemory at 0x7ffe61270000 of 64 bytes failed: Only part of a ReadProcessMemory or WriteProcessMemory request was completed. (0x12B)
[1205/140330.296:WARNING:pe_image_reader.cc(340)] could not read dos header from C:\WINDOWS\SYSTEM32\USERENV.dll
[1205/140330.296:ERROR:process_memory_win.cc(73)] ReadMemory at 0x7ffe613f0000 of 64 bytes failed: Only part of a ReadProcessMemory or WriteProcessMemory request was completed. (0x12B)
[1205/140330.296:WARNING:pe_image_reader.cc(340)] could not read dos header from C:\WINDOWS\System32\profapi.dll
[1205/140330.296:ERROR:process_memory_win.cc(73)] ReadMemory at 0x7ffe613f0000 of 64 bytes failed: Only part of a ReadProcessMemory or WriteProcessMemory request was completed. (0x12B)
[1205/140330.296:WARNING:pe_image_reader.cc(340)] could not read dos header from C:\WINDOWS\System32\profapi.dll
[1205/140330.296:ERROR:process_memory_win.cc(73)] ReadMemory at 0x7ffe4ab70000 of 64 bytes failed: Only part of a ReadProcessMemory or WriteProcessMemory request was completed. (0x12B)
[1205/140330.296:WARNING:pe_image_reader.cc(340)] could not read dos header from C:\WINDOWS\SYSTEM32\DWrite.dll
[1205/140330.296:ERROR:process_memory_win.cc(73)] ReadMemory at 0x7ffe4ab70000 of 64 bytes failed: Only part of a ReadProcessMemory or WriteProcessMemory request was completed. (0x12B)
[1205/140330.296:WARNING:pe_image_reader.cc(340)] could not read dos header from C:\WINDOWS\SYSTEM32\DWrite.dll
[1205/140330.296:ERROR:process_memory_win.cc(73)] ReadMemory at 0x7ffe45a10000 of 64 bytes failed: Only part of a ReadProcessMemory or WriteProcessMemory request was completed. (0x12B)
[1205/140330.296:WARNING:pe_image_reader.cc(340)] could not read dos header from C:\WINDOWS\SYSTEM32\WINSPOOL.DRV
[1205/140330.296:ERROR:process_memory_win.cc(73)] ReadMemory at 0x7ffe45a10000 of 64 bytes failed: Only part of a ReadProcessMemory or WriteProcessMemory request was completed. (0x12B)
[1205/140330.296:WARNING:pe_image_reader.cc(340)] could not read dos header from C:\WINDOWS\SYSTEM32\WINSPOOL.DRV
[1205/140330.296:ERROR:process_memory_win.cc(73)] ReadMemory at 0x7ffe61360000 of 64 bytes failed: Only part of a ReadProcessMemory or WriteProcessMemory request was completed. (0x12B)
[1205/140330.297:WARNING:pe_image_reader.cc(340)] could not read dos header from C:\WINDOWS\System32\kernel.appcore.dll
[1205/140330.297:ERROR:process_memory_win.cc(73)] ReadMemory at 0x7ffe61360000 of 64 bytes failed: Only part of a ReadProcessMemory or WriteProcessMemory request was completed. (0x12B)
[1205/140330.297:WARNING:pe_image_reader.cc(340)] could not read dos header from C:\WINDOWS\System32\kernel.appcore.dll
[1205/140330.297:ERROR:process_memory_win.cc(73)] ReadMemory at 0x7ffe61dc0000 of 64 bytes failed: Only part of a ReadProcessMemory or WriteProcessMemory request was completed. (0x12B)
[1205/140330.297:WARNING:pe_image_reader.cc(340)] could not read dos header from C:\WINDOWS\System32\bcrypt.dll
[1205/140330.297:ERROR:process_memory_win.cc(73)] ReadMemory at 0x7ffe61dc0000 of 64 bytes failed: Only part of a ReadProcessMemory or WriteProcessMemory request was completed. (0x12B)
[1205/140330.297:WARNING:pe_image_reader.cc(340)] could not read dos header from C:\WINDOWS\System32\bcrypt.dll
[1205/140330.297:ERROR:process_memory_win.cc(73)] ReadMemory at 0x7ffe5fc70000 of 64 bytes failed: Only part of a ReadProcessMemory or WriteProcessMemory request was completed. (0x12B)
[1205/140330.297:WARNING:pe_image_reader.cc(340)] could not read dos header from C:\WINDOWS\SYSTEM32\dbghelp.dll
[1205/140330.297:ERROR:process_memory_win.cc(73)] ReadMemory at 0x7ffe5fc70000 of 64 bytes failed: Only part of a ReadProcessMemory or WriteProcessMemory request was completed. (0x12B)
[1205/140330.297:WARNING:pe_image_reader.cc(340)] could not read dos header from C:\WINDOWS\SYSTEM32\dbghelp.dll
[1205/140330.297:ERROR:process_memory_win.cc(73)] ReadMemory at 0x7ffe442a0000 of 64 bytes failed: Only part of a ReadProcessMemory or WriteProcessMemory request was completed. (0x12B)
[1205/140330.297:WARNING:pe_image_reader.cc(340)] could not read dos header from C:\WINDOWS\SYSTEM32\Secur32.dll
[1205/140330.297:ERROR:process_memory_win.cc(73)] ReadMemory at 0x7ffe442a0000 of 64 bytes failed: Only part of a ReadProcessMemory or WriteProcessMemory request was completed. (0x12B)
[1205/140330.297:WARNING:pe_image_reader.cc(340)] could not read dos header from C:\WINDOWS\SYSTEM32\Secur32.dll
[1205/140330.297:ERROR:process_memory_win.cc(73)] ReadMemory at 0x7ffe50550000 of 64 bytes failed: Only part of a ReadProcessMemory or WriteProcessMemory request was completed. (0x12B)
[1205/140330.297:WARNING:pe_image_reader.cc(340)] could not read dos header from C:\WINDOWS\SYSTEM32\WINHTTP.dll
[1205/140330.297:ERROR:process_memory_win.cc(73)] ReadMemory at 0x7ffe50550000 of 64 bytes failed: Only part of a ReadProcessMemory or WriteProcessMemory request was completed. (0x12B)
[1205/140330.297:WARNING:pe_image_reader.cc(340)] could not read dos header from C:\WINDOWS\SYSTEM32\WINHTTP.dll
[1205/140330.298:ERROR:process_memory_win.cc(73)] ReadMemory at 0x7ffe56850000 of 64 bytes failed: Only part of a ReadProcessMemory or WriteProcessMemory request was completed. (0x12B)
[1205/140330.298:WARNING:pe_image_reader.cc(340)] could not read dos header from C:\WINDOWS\SYSTEM32\dhcpcsvc.DLL
[1205/140330.298:ERROR:process_memory_win.cc(73)] ReadMemory at 0x7ffe56850000 of 64 bytes failed: Only part of a ReadProcessMemory or WriteProcessMemory request was completed. (0x12B)
[1205/140330.298:WARNING:pe_image_reader.cc(340)] could not read dos header from C:\WINDOWS\SYSTEM32\dhcpcsvc.DLL
[1205/140330.298:ERROR:process_memory_win.cc(73)] ReadMemory at 0x7ffe63420000 of 64 bytes failed: Only part of a ReadProcessMemory or WriteProcessMemory request was completed. (0x12B)
[1205/140330.298:WARNING:pe_image_reader.cc(340)] could not read dos header from C:\WINDOWS\System32\NSI.dll
[1205/140330.298:ERROR:process_memory_win.cc(73)] ReadMemory at 0x7ffe63420000 of 64 bytes failed: Only part of a ReadProcessMemory or WriteProcessMemory request was completed. (0x12B)
[1205/140330.298:WARNING:pe_image_reader.cc(340)] could not read dos header from C:\WINDOWS\System32\NSI.dll
[1205/140330.298:ERROR:process_memory_win.cc(73)] ReadMemory at 0x7ffe5ebb0000 of 64 bytes failed: Only part of a ReadProcessMemory or WriteProcessMemory request was completed. (0x12B)
[1205/140330.298:WARNING:pe_image_reader.cc(340)] could not read dos header from C:\WINDOWS\SYSTEM32\WINMMBASE.dll
[1205/140330.298:ERROR:process_memory_win.cc(73)] ReadMemory at 0x7ffe5ebb0000 of 64 bytes failed: Only part of a ReadProcessMemory or WriteProcessMemory request was completed. (0x12B)
[1205/140330.298:WARNING:pe_image_reader.cc(340)] could not read dos header from C:\WINDOWS\SYSTEM32\WINMMBASE.dll
[1205/140330.298:ERROR:process_memory_win.cc(73)] ReadMemory at 0x7ffe62410000 of 64 bytes failed: Only part of a ReadProcessMemory or WriteProcessMemory request was completed. (0x12B)
[1205/140330.298:WARNING:pe_image_reader.cc(340)] could not read dos header from C:\WINDOWS\System32\cfgmgr32.dll
[1205/140330.298:ERROR:process_memory_win.cc(73)] ReadMemory at 0x7ffe62410000 of 64 bytes failed: Only part of a ReadProcessMemory or WriteProcessMemory request was completed. (0x12B)
[1205/140330.298:WARNING:pe_image_reader.cc(340)] could not read dos header from C:\WINDOWS\System32\cfgmgr32.dll
[1205/140330.298:ERROR:process_memory_win.cc(73)] ReadMemory at 0x7ffe5fa10000 of 64 bytes failed: Only part of a ReadProcessMemory or WriteProcessMemory request was completed. (0x12B)
[1205/140330.298:WARNING:pe_image_reader.cc(340)] could not read dos header from C:\WINDOWS\SYSTEM32\PROPSYS.dll
[1205/140330.299:ERROR:process_memory_win.cc(73)] ReadMemory at 0x7ffe5fa10000 of 64 bytes failed: Only part of a ReadProcessMemory or WriteProcessMemory request was completed. (0x12B)
[1205/140330.299:WARNING:pe_image_reader.cc(340)] could not read dos header from C:\WINDOWS\SYSTEM32\PROPSYS.dll
[1205/140330.299:ERROR:process_memory_win.cc(73)] ReadMemory at 0x7ffe63df0000 of 64 bytes failed: Only part of a ReadProcessMemory or WriteProcessMemory request was completed. (0x12B)
[1205/140330.299:WARNING:pe_image_reader.cc(340)] could not read dos header from C:\WINDOWS\System32\shcore.dll
[1205/140330.299:ERROR:process_memory_win.cc(73)] ReadMemory at 0x7ffe63df0000 of 64 bytes failed: Only part of a ReadProcessMemory or WriteProcessMemory request was completed. (0x12B)
[1205/140330.299:WARNING:pe_image_reader.cc(340)] could not read dos header from C:\WINDOWS\System32\shcore.dll
[1205/140330.299:ERROR:process_memory_win.cc(73)] ReadMemory at 0x7ffe61240000 of 64 bytes failed: Only part of a ReadProcessMemory or WriteProcessMemory request was completed. (0x12B)
[1205/140330.299:WARNING:pe_image_reader.cc(340)] could not read dos header from C:\WINDOWS\SYSTEM32\SSPICLI.DLL
[1205/140330.299:ERROR:process_memory_win.cc(73)] ReadMemory at 0x7ffe61240000 of 64 bytes failed: Only part of a ReadProcessMemory or WriteProcessMemory request was completed. (0x12B)
[1205/140330.299:WARNING:pe_image_reader.cc(340)] could not read dos header from C:\WINDOWS\SYSTEM32\SSPICLI.DLL
[1205/140330.299:ERROR:process_memory_win.cc(73)] ReadMemory at 0x7ffe60c90000 of 64 bytes failed: Only part of a ReadProcessMemory or WriteProcessMemory request was completed. (0x12B)
[1205/140330.299:WARNING:pe_image_reader.cc(340)] could not read dos header from C:\WINDOWS\SYSTEM32\CRYPTBASE.DLL
[1205/140330.299:ERROR:process_memory_win.cc(73)] ReadMemory at 0x7ffe60c90000 of 64 bytes failed: Only part of a ReadProcessMemory or WriteProcessMemory request was completed. (0x12B)
[1205/140330.299:WARNING:pe_image_reader.cc(340)] could not read dos header from C:\WINDOWS\SYSTEM32\CRYPTBASE.DLL
[1205/140330.332:ERROR:process_memory_win.cc(73)] ReadMemory at 0x7ff73ea20000 of 64 bytes failed: Only part of a ReadProcessMemory or WriteProcessMemory request was completed. (0x12B)
[1205/140330.332:WARNING:pe_image_reader.cc(340)] could not read dos header from C:\Program Files (x86)\Google\Chrome\Application\chrome.exe
[1205/140330.332:ERROR:process_memory_win.cc(73)] ReadMemory at 0x7ffe64480000 of 64 bytes failed: Only part of a ReadProcessMemory or WriteProcessMemory request was completed. (0x12B)
[1205/140330.332:WARNING:pe_image_reader.cc(340)] could not read dos header from C:\WINDOWS\SYSTEM32\ntdll.dll
[1205/140330.332:ERROR:process_memory_win.cc(73)] ReadMemory at 0x7ffe62890000 of 64 bytes failed: Only part of a ReadProcessMemory or WriteProcessMemory request was completed. (0x12B)
[1205/140330.333:WARNING:pe_image_reader.cc(340)] could not read dos header from C:\WINDOWS\System32\KERNEL32.DLL
[1205/140330.333:ERROR:process_memory_win.cc(73)] ReadMemory at 0x7ffe61fc0000 of 64 bytes failed: Only part of a ReadProcessMemory or WriteProcessMemory request was completed. (0x12B)
[1205/140330.333:WARNING:pe_image_reader.cc(340)] could not read dos header from C:\WINDOWS\System32\KERNELBASE.dll
[1205/140330.333:ERROR:process_memory_win.cc(73)] ReadMemory at 0x7ffe3d6c0000 of 64 bytes failed: Only part of a ReadProcessMemory or WriteProcessMemory request was completed. (0x12B)
[1205/140330.333:WARNING:pe_image_reader.cc(340)] could not read dos header from C:\Program Files (x86)\Google\Chrome\Application\78.0.3904.108\chrome_elf.dll
[1205/140330.333:ERROR:process_memory_win.cc(73)] ReadMemory at 0x7ffe5d030000 of 64 bytes failed: Only part of a ReadProcessMemory or WriteProcessMemory request was completed. (0x12B)
[1205/140330.333:WARNING:pe_image_reader.cc(340)] could not read dos header from C:\WINDOWS\SYSTEM32\VERSION.dll
[1205/140330.333:ERROR:process_memory_win.cc(73)] ReadMemory at 0x7ffe634a0000 of 64 bytes failed: Only part of a ReadProcessMemory or WriteProcessMemory request was completed. (0x12B)
[1205/140330.333:WARNING:pe_image_reader.cc(340)] could not read dos header from C:\WINDOWS\System32\msvcrt.dll
[1205/140330.333:ERROR:process_memory_win.cc(73)] ReadMemory at 0x7ffe61f40000 of 64 bytes failed: Only part of a ReadProcessMemory or WriteProcessMemory request was completed. (0x12B)
[1205/140330.333:WARNING:pe_image_reader.cc(340)] could not read dos header from C:\WINDOWS\System32\bcryptPrimitives.dll
[1205/140330.333:ERROR:process_memory_win.cc(73)] ReadMemory at 0x7ffe62ab0000 of 64 bytes failed: Only part of a ReadProcessMemory or WriteProcessMemory request was completed. (0x12B)
[1205/140330.333:WARNING:pe_image_reader.cc(340)] could not read dos header from C:\WINDOWS\System32\ADVAPI32.dll
[1205/140330.333:ERROR:process_memory_win.cc(73)] ReadMemory at 0x7ffe62b60000 of 64 bytes failed: Only part of a ReadProcessMemory or WriteProcessMemory request was completed. (0x12B)
[1205/140330.333:WARNING:pe_image_reader.cc(340)] could not read dos header from C:\WINDOWS\System32\sechost.dll
[1205/140330.333:ERROR:process_memory_win.cc(73)] ReadMemory at 0x7ffe62c00000 of 64 bytes failed: Only part of a ReadProcessMemory or WriteProcessMemory request was completed. (0x12B)
[1205/140330.333:WARNING:pe_image_reader.cc(340)] could not read dos header from C:\WINDOWS\System32\RPCRT4.dll
[1205/140330.333:ERROR:process_memory_win.cc(73)] ReadMemory at 0x7ffe205b0000 of 64 bytes failed: Only part of a ReadProcessMemory or WriteProcessMemory request was completed. (0x12B)
[1205/140330.333:WARNING:pe_image_reader.cc(340)] could not read dos header from C:\Program Files (x86)\Google\Chrome\Application\78.0.3904.108\chrome_child.dll
[1205/140330.333:ERROR:process_memory_win.cc(73)] ReadMemory at 0x7ffe627c0000 of 64 bytes failed: Only part of a ReadProcessMemory or WriteProcessMemory request was completed. (0x12B)
[1205/140330.333:WARNING:pe_image_reader.cc(340)] could not read dos header from C:\WINDOWS\System32\OLEAUT32.dll
[1205/140330.333:ERROR:process_memory_win.cc(73)] ReadMemory at 0x7ffe61bf0000 of 64 bytes failed: Only part of a ReadProcessMemory or WriteProcessMemory request was completed. (0x12B)
[1205/140330.333:WARNING:pe_image_reader.cc(340)] could not read dos header from C:\WINDOWS\System32\msvcp_win.dll
[1205/140330.333:ERROR:process_memory_win.cc(73)] ReadMemory at 0x7ffe61c90000 of 64 bytes failed: Only part of a ReadProcessMemory or WriteProcessMemory request was completed. (0x12B)
[1205/140330.333:WARNING:pe_image_reader.cc(340)] could not read dos header from C:\WINDOWS\System32\ucrtbase.dll
[1205/140330.333:ERROR:process_memory_win.cc(73)] ReadMemory at 0x7ffe63a40000 of 64 bytes failed: Only part of a ReadProcessMemory or WriteProcessMemory request was completed. (0x12B)
[1205/140330.333:WARNING:pe_image_reader.cc(340)] could not read dos header from C:\WINDOWS\System32\combase.dll
[1205/140330.333:ERROR:process_memory_win.cc(73)] ReadMemory at 0x7ffe63430000 of 64 bytes failed: Only part of a ReadProcessMemory or WriteProcessMemory request was completed. (0x12B)
[1205/140330.334:WARNING:pe_image_reader.cc(340)] could not read dos header from C:\WINDOWS\System32\WS2_32.dll
[1205/140330.334:ERROR:process_memory_win.cc(73)] ReadMemory at 0x7ffe61410000 of 64 bytes failed: Only part of a ReadProcessMemory or WriteProcessMemory request was completed. (0x12B)
[1205/140330.334:WARNING:pe_image_reader.cc(340)] could not read dos header from C:\WINDOWS\System32\WINTRUST.dll
[1205/140330.334:ERROR:process_memory_win.cc(73)] ReadMemory at 0x7ffe613d0000 of 64 bytes failed: Only part of a ReadProcessMemory or WriteProcessMemory request was completed. (0x12B)
[1205/140330.334:WARNING:pe_image_reader.cc(340)] could not read dos header from C:\WINDOWS\System32\MSASN1.dll
[1205/140330.334:ERROR:process_memory_win.cc(73)] ReadMemory at 0x7ffe61df0000 of 64 bytes failed: Only part of a ReadProcessMemory or WriteProcessMemory request was completed. (0x12B)
[1205/140330.334:WARNING:pe_image_reader.cc(340)] could not read dos header from C:\WINDOWS\System32\CRYPT32.dll
[1205/140330.334:ERROR:process_memory_win.cc(73)] ReadMemory at 0x7ffe60830000 of 64 bytes failed: Only part of a ReadProcessMemory or WriteProcessMemory request was completed. (0x12B)
[1205/140330.334:WARNING:pe_image_reader.cc(340)] could not read dos header from C:\WINDOWS\SYSTEM32\IPHLPAPI.DLL
[1205/140330.334:ERROR:process_memory_win.cc(73)] ReadMemory at 0x7ffe5ebe0000 of 64 bytes failed: Only part of a ReadProcessMemory or WriteProcessMemory request was completed. (0x12B)
[1205/140330.334:WARNING:pe_image_reader.cc(340)] could not read dos header from C:\WINDOWS\SYSTEM32\WINMM.dll
[1205/140330.334:ERROR:process_memory_win.cc(73)] ReadMemory at 0x7ffe61270000 of 64 bytes failed: Only part of a ReadProcessMemory or WriteProcessMemory request was completed. (0x12B)
[1205/140330.334:WARNING:pe_image_reader.cc(340)] could not read dos header from C:\WINDOWS\SYSTEM32\USERENV.dll
[1205/140330.334:ERROR:process_memory_win.cc(73)] ReadMemory at 0x7ffe613f0000 of 64 bytes failed: Only part of a ReadProcessMemory or WriteProcessMemory request was completed. (0x12B)
[1205/140330.334:WARNING:pe_image_reader.cc(340)] could not read dos header from C:\WINDOWS\System32\profapi.dll
[1205/140330.334:ERROR:process_memory_win.cc(73)] ReadMemory at 0x7ffe4ab70000 of 64 bytes failed: Only part of a ReadProcessMemory or WriteProcessMemory request was completed. (0x12B)
[1205/140330.334:WARNING:pe_image_reader.cc(340)] could not read dos header from C:\WINDOWS\SYSTEM32\DWrite.dll
[1205/140330.334:ERROR:process_memory_win.cc(73)] ReadMemory at 0x7ffe45a10000 of 64 bytes failed: Only part of a ReadProcessMemory or WriteProcessMemory request was completed. (0x12B)
[1205/140330.334:WARNING:pe_image_reader.cc(340)] could not read dos header from C:\WINDOWS\SYSTEM32\WINSPOOL.DRV
[1205/140330.334:ERROR:process_memory_win.cc(73)] ReadMemory at 0x7ffe61360000 of 64 bytes failed: Only part of a ReadProcessMemory or WriteProcessMemory request was completed. (0x12B)
[1205/140330.334:WARNING:pe_image_reader.cc(340)] could not read dos header from C:\WINDOWS\System32\kernel.appcore.dll
[1205/140330.334:ERROR:process_memory_win.cc(73)] ReadMemory at 0x7ffe61dc0000 of 64 bytes failed: Only part of a ReadProcessMemory or WriteProcessMemory request was completed. (0x12B)
[1205/140330.334:WARNING:pe_image_reader.cc(340)] could not read dos header from C:\WINDOWS\System32\bcrypt.dll
[1205/140330.334:ERROR:process_memory_win.cc(73)] ReadMemory at 0x7ffe5fc70000 of 64 bytes failed: Only part of a ReadProcessMemory or WriteProcessMemory request was completed. (0x12B)
[1205/140330.334:WARNING:pe_image_reader.cc(340)] could not read dos header from C:\WINDOWS\SYSTEM32\dbghelp.dll
[1205/140330.334:ERROR:process_memory_win.cc(73)] ReadMemory at 0x7ffe442a0000 of 64 bytes failed: Only part of a ReadProcessMemory or WriteProcessMemory request was completed. (0x12B)
[1205/140330.334:WARNING:pe_image_reader.cc(340)] could not read dos header from C:\WINDOWS\SYSTEM32\Secur32.dll
[1205/140330.334:ERROR:process_memory_win.cc(73)] ReadMemory at 0x7ffe50550000 of 64 bytes failed: Only part of a ReadProcessMemory or WriteProcessMemory request was completed. (0x12B)
[1205/140330.334:WARNING:pe_image_reader.cc(340)] could not read dos header from C:\WINDOWS\SYSTEM32\WINHTTP.dll
[1205/140330.335:ERROR:process_memory_win.cc(73)] ReadMemory at 0x7ffe56850000 of 64 bytes failed: Only part of a ReadProcessMemory or WriteProcessMemory request was completed. (0x12B)
[1205/140330.335:WARNING:pe_image_reader.cc(340)] could not read dos header from C:\WINDOWS\SYSTEM32\dhcpcsvc.DLL
[1205/140330.335:ERROR:process_memory_win.cc(73)] ReadMemory at 0x7ffe63420000 of 64 bytes failed: Only part of a ReadProcessMemory or WriteProcessMemory request was completed. (0x12B)
[1205/140330.335:WARNING:pe_image_reader.cc(340)] could not read dos header from C:\WINDOWS\System32\NSI.dll
[1205/140330.335:ERROR:process_memory_win.cc(73)] ReadMemory at 0x7ffe5ebb0000 of 64 bytes failed: Only part of a ReadProcessMemory or WriteProcessMemory request was completed. (0x12B)
[1205/140330.335:WARNING:pe_image_reader.cc(340)] could not read dos header from C:\WINDOWS\SYSTEM32\WINMMBASE.dll
[1205/140330.335:ERROR:process_memory_win.cc(73)] ReadMemory at 0x7ffe62410000 of 64 bytes failed: Only part of a ReadProcessMemory or WriteProcessMemory request was completed. (0x12B)
[1205/140330.335:WARNING:pe_image_reader.cc(340)] could not read dos header from C:\WINDOWS\System32\cfgmgr32.dll
[1205/140330.335:ERROR:process_memory_win.cc(73)] ReadMemory at 0x7ffe5fa10000 of 64 bytes failed: Only part of a ReadProcessMemory or WriteProcessMemory request was completed. (0x12B)
[1205/140330.335:WARNING:pe_image_reader.cc(340)] could not read dos header from C:\WINDOWS\SYSTEM32\PROPSYS.dll
[1205/140330.335:ERROR:process_memory_win.cc(73)] ReadMemory at 0x7ffe63df0000 of 64 bytes failed: Only part of a ReadProcessMemory or WriteProcessMemory request was completed. (0x12B)
[1205/140330.335:WARNING:pe_image_reader.cc(340)] could not read dos header from C:\WINDOWS\System32\shcore.dll
[1205/140330.335:ERROR:process_memory_win.cc(73)] ReadMemory at 0x7ffe61240000 of 64 bytes failed: Only part of a ReadProcessMemory or WriteProcessMemory request was completed. (0x12B)
[1205/140330.335:WARNING:pe_image_reader.cc(340)] could not read dos header from C:\WINDOWS\SYSTEM32\SSPICLI.DLL
[1205/140330.335:ERROR:process_memory_win.cc(73)] ReadMemory at 0x7ffe60c90000 of 64 bytes failed: Only part of a ReadProcessMemory or WriteProcessMemory request was completed. (0x12B)
[1205/140330.335:WARNING:pe_image_reader.cc(340)] could not read dos header from C:\WINDOWS\SYSTEM32\CRYPTBASE.DLL
[1205/140330.335:ERROR:process_memory_win.cc(73)] ReadMemory at 0x7ff73ea20000 of 64 bytes failed: Only part of a ReadProcessMemory or WriteProcessMemory request was completed. (0x12B)
[1205/140330.335:WARNING:pe_image_reader.cc(340)] could not read dos header from C:\Program Files (x86)\Google\Chrome\Application\chrome.exe
[1205/140330.335:ERROR:process_memory_win.cc(73)] ReadMemory at 0x7ffe64480000 of 64 bytes failed: Only part of a ReadProcessMemory or WriteProcessMemory request was completed. (0x12B)
[1205/140330.335:WARNING:pe_image_reader.cc(340)] could not read dos header from C:\WINDOWS\SYSTEM32\ntdll.dll
[1205/140330.335:ERROR:process_memory_win.cc(73)] ReadMemory at 0x7ffe62890000 of 64 bytes failed: Only part of a ReadProcessMemory or WriteProcessMemory request was completed. (0x12B)
[1205/140330.335:WARNING:pe_image_reader.cc(340)] could not read dos header from C:\WINDOWS\System32\KERNEL32.DLL
[1205/140330.335:ERROR:process_memory_win.cc(73)] ReadMemory at 0x7ffe61fc0000 of 64 bytes failed: Only part of a ReadProcessMemory or WriteProcessMemory request was completed. (0x12B)
[1205/140330.335:WARNING:pe_image_reader.cc(340)] could not read dos header from C:\WINDOWS\System32\KERNELBASE.dll
[1205/140330.335:ERROR:process_memory_win.cc(73)] ReadMemory at 0x7ffe3d6c0000 of 64 bytes failed: Only part of a ReadProcessMemory or WriteProcessMemory request was completed. (0x12B)
[1205/140330.335:WARNING:pe_image_reader.cc(340)] could not read dos header from C:\Program Files (x86)\Google\Chrome\Application\78.0.3904.108\chrome_elf.dll
[1205/140330.335:ERROR:process_memory_win.cc(73)] ReadMemory at 0x7ffe5d030000 of 64 bytes failed: Only part of a ReadProcessMemory or WriteProcessMemory request was completed. (0x12B)
[1205/140330.335:WARNING:pe_image_reader.cc(340)] could not read dos header from C:\WINDOWS\SYSTEM32\VERSION.dll
[1205/140330.336:ERROR:process_memory_win.cc(73)] ReadMemory at 0x7ffe634a0000 of 64 bytes failed: Only part of a ReadProcessMemory or WriteProcessMemory request was completed. (0x12B)
[1205/140330.336:WARNING:pe_image_reader.cc(340)] could not read dos header from C:\WINDOWS\System32\msvcrt.dll
[1205/140330.336:ERROR:process_memory_win.cc(73)] ReadMemory at 0x7ffe61f40000 of 64 bytes failed: Only part of a ReadProcessMemory or WriteProcessMemory request was completed. (0x12B)
[1205/140330.336:WARNING:pe_image_reader.cc(340)] could not read dos header from C:\WINDOWS\System32\bcryptPrimitives.dll
[1205/140330.336:ERROR:process_memory_win.cc(73)] ReadMemory at 0x7ffe62ab0000 of 64 bytes failed: Only part of a ReadProcessMemory or WriteProcessMemory request was completed. (0x12B)
[1205/140330.336:WARNING:pe_image_reader.cc(340)] could not read dos header from C:\WINDOWS\System32\ADVAPI32.dll
[1205/140330.336:ERROR:process_memory_win.cc(73)] ReadMemory at 0x7ffe62b60000 of 64 bytes failed: Only part of a ReadProcessMemory or WriteProcessMemory request was completed. (0x12B)
[1205/140330.336:WARNING:pe_image_reader.cc(340)] could not read dos header from C:\WINDOWS\System32\sechost.dll
[1205/140330.336:ERROR:process_memory_win.cc(73)] ReadMemory at 0x7ffe62c00000 of 64 bytes failed: Only part of a ReadProcessMemory or WriteProcessMemory request was completed. (0x12B)
[1205/140330.336:WARNING:pe_image_reader.cc(340)] could not read dos header from C:\WINDOWS\System32\RPCRT4.dll
[1205/140330.336:ERROR:process_memory_win.cc(73)] ReadMemory at 0x7ffe205b0000 of 64 bytes failed: Only part of a ReadProcessMemory or WriteProcessMemory request was completed. (0x12B)
[1205/140330.336:WARNING:pe_image_reader.cc(340)] could not read dos header from C:\Program Files (x86)\Google\Chrome\Application\78.0.3904.108\chrome_child.dll
[1205/140330.336:ERROR:process_memory_win.cc(73)] ReadMemory at 0x7ffe627c0000 of 64 bytes failed: Only part of a ReadProcessMemory or WriteProcessMemory request was completed. (0x12B)
[1205/140330.336:WARNING:pe_image_reader.cc(340)] could not read dos header from C:\WINDOWS\System32\OLEAUT32.dll
[1205/140330.336:ERROR:process_memory_win.cc(73)] ReadMemory at 0x7ffe61bf0000 of 64 bytes failed: Only part of a ReadProcessMemory or WriteProcessMemory request was completed. (0x12B)
[1205/140330.336:WARNING:pe_image_reader.cc(340)] could not read dos header from C:\WINDOWS\System32\msvcp_win.dll
[1205/140330.336:ERROR:process_memory_win.cc(73)] ReadMemory at 0x7ffe61c90000 of 64 bytes failed: Only part of a ReadProcessMemory or WriteProcessMemory request was completed. (0x12B)
[1205/140330.336:WARNING:pe_image_reader.cc(340)] could not read dos header from C:\WINDOWS\System32\ucrtbase.dll
[1205/140330.336:ERROR:process_memory_win.cc(73)] ReadMemory at 0x7ffe63a40000 of 64 bytes failed: Only part of a ReadProcessMemory or WriteProcessMemory request was completed. (0x12B)
[1205/140330.336:WARNING:pe_image_reader.cc(340)] could not read dos header from C:\WINDOWS\System32\combase.dll
[1205/140330.336:ERROR:process_memory_win.cc(73)] ReadMemory at 0x7ffe63430000 of 64 bytes failed: Only part of a ReadProcessMemory or WriteProcessMemory request was completed. (0x12B)
[1205/140330.336:WARNING:pe_image_reader.cc(340)] could not read dos header from C:\WINDOWS\System32\WS2_32.dll
[1205/140330.336:ERROR:process_memory_win.cc(73)] ReadMemory at 0x7ffe61410000 of 64 bytes failed: Only part of a ReadProcessMemory or WriteProcessMemory request was completed. (0x12B)
[1205/140330.336:WARNING:pe_image_reader.cc(340)] could not read dos header from C:\WINDOWS\System32\WINTRUST.dll
[1205/140330.336:ERROR:process_memory_win.cc(73)] ReadMemory at 0x7ffe613d0000 of 64 bytes failed: Only part of a ReadProcessMemory or WriteProcessMemory request was completed. (0x12B)
[1205/140330.336:WARNING:pe_image_reader.cc(340)] could not read dos header from C:\WINDOWS\System32\MSASN1.dll
[1205/140330.337:ERROR:process_memory_win.cc(73)] ReadMemory at 0x7ffe61df0000 of 64 bytes failed: Only part of a ReadProcessMemory or WriteProcessMemory request was completed. (0x12B)
[1205/140330.337:WARNING:pe_image_reader.cc(340)] could not read dos header from C:\WINDOWS\System32\CRYPT32.dll
[1205/140330.337:ERROR:process_memory_win.cc(73)] ReadMemory at 0x7ffe60830000 of 64 bytes failed: Only part of a ReadProcessMemory or WriteProcessMemory request was completed. (0x12B)
[1205/140330.337:WARNING:pe_image_reader.cc(340)] could not read dos header from C:\WINDOWS\SYSTEM32\IPHLPAPI.DLL
[1205/140330.337:ERROR:process_memory_win.cc(73)] ReadMemory at 0x7ffe5ebe0000 of 64 bytes failed: Only part of a ReadProcessMemory or WriteProcessMemory request was completed. (0x12B)
[1205/140330.337:WARNING:pe_image_reader.cc(340)] could not read dos header from C:\WINDOWS\SYSTEM32\WINMM.dll
[1205/140330.337:ERROR:process_memory_win.cc(73)] ReadMemory at 0x7ffe61270000 of 64 bytes failed: Only part of a ReadProcessMemory or WriteProcessMemory request was completed. (0x12B)
[1205/140330.337:WARNING:pe_image_reader.cc(340)] could not read dos header from C:\WINDOWS\SYSTEM32\USERENV.dll
[1205/140330.337:ERROR:process_memory_win.cc(73)] ReadMemory at 0x7ffe613f0000 of 64 bytes failed: Only part of a ReadProcessMemory or WriteProcessMemory request was completed. (0x12B)
[1205/140330.337:WARNING:pe_image_reader.cc(340)] could not read dos header from C:\WINDOWS\System32\profapi.dll
[1205/140330.337:ERROR:process_memory_win.cc(73)] ReadMemory at 0x7ffe4ab70000 of 64 bytes failed: Only part of a ReadProcessMemory or WriteProcessMemory request was completed. (0x12B)
[1205/140330.337:WARNING:pe_image_reader.cc(340)] could not read dos header from C:\WINDOWS\SYSTEM32\DWrite.dll
[1205/140330.337:ERROR:process_memory_win.cc(73)] ReadMemory at 0x7ffe45a10000 of 64 bytes failed: Only part of a ReadProcessMemory or WriteProcessMemory request was completed. (0x12B)
[1205/140330.337:WARNING:pe_image_reader.cc(340)] could not read dos header from C:\WINDOWS\SYSTEM32\WINSPOOL.DRV
[1205/140330.337:ERROR:process_memory_win.cc(73)] ReadMemory at 0x7ffe61360000 of 64 bytes failed: Only part of a ReadProcessMemory or WriteProcessMemory request was completed. (0x12B)
[1205/140330.337:WARNING:pe_image_reader.cc(340)] could not read dos header from C:\WINDOWS\System32\kernel.appcore.dll
[1205/140330.337:ERROR:process_memory_win.cc(73)] ReadMemory at 0x7ffe61dc0000 of 64 bytes failed: Only part of a ReadProcessMemory or WriteProcessMemory request was completed. (0x12B)
[1205/140330.337:WARNING:pe_image_reader.cc(340)] could not read dos header from C:\WINDOWS\System32\bcrypt.dll
[1205/140330.337:ERROR:process_memory_win.cc(73)] ReadMemory at 0x7ffe5fc70000 of 64 bytes failed: Only part of a ReadProcessMemory or WriteProcessMemory request was completed. (0x12B)
[1205/140330.337:WARNING:pe_image_reader.cc(340)] could not read dos header from C:\WINDOWS\SYSTEM32\dbghelp.dll
[1205/140330.337:ERROR:process_memory_win.cc(73)] ReadMemory at 0x7ffe442a0000 of 64 bytes failed: Only part of a ReadProcessMemory or WriteProcessMemory request was completed. (0x12B)
[1205/140330.337:WARNING:pe_image_reader.cc(340)] could not read dos header from C:\WINDOWS\SYSTEM32\Secur32.dll
[1205/140330.337:ERROR:process_memory_win.cc(73)] ReadMemory at 0x7ffe50550000 of 64 bytes failed: Only part of a ReadProcessMemory or WriteProcessMemory request was completed. (0x12B)
[1205/140330.337:WARNING:pe_image_reader.cc(340)] could not read dos header from C:\WINDOWS\SYSTEM32\WINHTTP.dll
[1205/140330.337:ERROR:process_memory_win.cc(73)] ReadMemory at 0x7ffe56850000 of 64 bytes failed: Only part of a ReadProcessMemory or WriteProcessMemory request was completed. (0x12B)
[1205/140330.337:WARNING:pe_image_reader.cc(340)] could not read dos header from C:\WINDOWS\SYSTEM32\dhcpcsvc.DLL
[1205/140330.337:ERROR:process_memory_win.cc(73)] ReadMemory at 0x7ffe63420000 of 64 bytes failed: Only part of a ReadProcessMemory or WriteProcessMemory request was completed. (0x12B)
[1205/140330.337:WARNING:pe_image_reader.cc(340)] could not read dos header from C:\WINDOWS\System32\NSI.dll
[1205/140330.337:ERROR:process_memory_win.cc(73)] ReadMemory at 0x7ffe5ebb0000 of 64 bytes failed: Only part of a ReadProcessMemory or WriteProcessMemory request was completed. (0x12B)
[1205/140330.338:WARNING:pe_image_reader.cc(340)] could not read dos header from C:\WINDOWS\SYSTEM32\WINMMBASE.dll
[1205/140330.338:ERROR:process_memory_win.cc(73)] ReadMemory at 0x7ffe62410000 of 64 bytes failed: Only part of a ReadProcessMemory or WriteProcessMemory request was completed. (0x12B)
[1205/140330.338:WARNING:pe_image_reader.cc(340)] could not read dos header from C:\WINDOWS\System32\cfgmgr32.dll
[1205/140330.338:ERROR:process_memory_win.cc(73)] ReadMemory at 0x7ffe5fa10000 of 64 bytes failed: Only part of a ReadProcessMemory or WriteProcessMemory request was completed. (0x12B)
[1205/140330.338:WARNING:pe_image_reader.cc(340)] could not read dos header from C:\WINDOWS\SYSTEM32\PROPSYS.dll
[1205/140330.338:ERROR:process_memory_win.cc(73)] ReadMemory at 0x7ffe63df0000 of 64 bytes failed: Only part of a ReadProcessMemory or WriteProcessMemory request was completed. (0x12B)
[1205/140330.338:WARNING:pe_image_reader.cc(340)] could not read dos header from C:\WINDOWS\System32\shcore.dll
[1205/140330.338:ERROR:process_memory_win.cc(73)] ReadMemory at 0x7ffe61240000 of 64 bytes failed: Only part of a ReadProcessMemory or WriteProcessMemory request was completed. (0x12B)
[1205/140330.338:WARNING:pe_image_reader.cc(340)] could not read dos header from C:\WINDOWS\SYSTEM32\SSPICLI.DLL
[1205/140330.338:ERROR:process_memory_win.cc(73)] ReadMemory at 0x7ffe60c90000 of 64 bytes failed: Only part of a ReadProcessMemory or WriteProcessMemory request was completed. (0x12B)
[1205/140330.338:WARNING:pe_image_reader.cc(340)] could not read dos header from C:\WINDOWS\SYSTEM32\CRYPTBASE.DLL
[1205/140330.346:ERROR:process_memory_win.cc(73)] ReadMemory at 0xa9675f9000 of 28672 bytes failed: Only part of a ReadProcessMemory or WriteProcessMemory request was completed. (0x12B)
[1205/140330.347:ERROR:process_memory_win.cc(73)] ReadMemory at 0xa967dfd000 of 12288 bytes failed: Only part of a ReadProcessMemory or WriteProcessMemory request was completed. (0x12B)
[1205/140330.347:ERROR:process_memory_win.cc(73)] ReadMemory at 0xa9685fd000 of 12288 bytes failed: Only part of a ReadProcessMemory or WriteProcessMemory request was completed. (0x12B)
[1205/140330.347:ERROR:process_memory_win.cc(73)] ReadMemory at 0xa968dfc000 of 16384 bytes failed: Only part of a ReadProcessMemory or WriteProcessMemory request was completed. (0x12B)
[1205/140330.347:ERROR:process_memory_win.cc(73)] ReadMemory at 0xa9695fc000 of 16384 bytes failed: Only part of a ReadProcessMemory or WriteProcessMemory request was completed. (0x12B)
[1205/140330.347:ERROR:process_memory_win.cc(73)] ReadMemory at 0xa969dff000 of 4096 bytes failed: Only part of a ReadProcessMemory or WriteProcessMemory request was completed. (0x12B)
[1205/140330.348:ERROR:process_memory_win.cc(73)] ReadMemory at 0xa96a5fd000 of 12288 bytes failed: Only part of a ReadProcessMemory or WriteProcessMemory request was completed. (0x12B)
[1205/140330.348:ERROR:process_memory_win.cc(73)] ReadMemory at 0xa96adfd000 of 12288 bytes failed: Only part of a ReadProcessMemory or WriteProcessMemory request was completed. (0x12B)
[1205/140330.348:ERROR:process_memory_win.cc(73)] ReadMemory at 0xa96b5fd000 of 12288 bytes failed: Only part of a ReadProcessMemory or WriteProcessMemory request was completed. (0x12B)
[1205/140330.348:ERROR:process_memory_win.cc(73)] ReadMemory at 0xa96bdfd000 of 12288 bytes failed: Only part of a ReadProcessMemory or WriteProcessMemory request was completed. (0x12B)
[1205/140330.348:ERROR:process_memory_win.cc(73)] ReadMemory at 0xa96c5fd000 of 12288 bytes failed: Only part of a ReadProcessMemory or WriteProcessMemory request was completed. (0x12B)
[1205/140330.349:ERROR:process_memory_win.cc(73)] ReadMemory at 0xa96cdfd000 of 12288 bytes failed: Only part of a ReadProcessMemory or WriteProcessMemory request was completed. (0x12B)
[1205/140330.349:ERROR:process_memory_win.cc(73)] ReadMemory at 0xa96d5fd000 of 12288 bytes failed: Only part of a ReadProcessMemory or WriteProcessMemory request was completed. (0x12B)
[1205/140330.349:ERROR:process_memory_win.cc(73)] ReadMemory at 0xa96ddfd000 of 12288 bytes failed: Only part of a ReadProcessMemory or WriteProcessMemory request was completed. (0x12B)
[1205/140330.349:ERROR:process_memory_win.cc(73)] ReadMemory at 0xa966d56000 of 852 bytes failed: Only part of a ReadProcessMemory or WriteProcessMemory request was completed. (0x12B)
[1205/140330.349:ERROR:process_memory_win.cc(73)] ReadMemory at 0xa966d57000 of 6024 bytes failed: Only part of a ReadProcessMemory or WriteProcessMemory request was completed. (0x12B)
[1205/140330.349:ERROR:process_memory_win.cc(73)] ReadMemory at 0xa966d59000 of 6024 bytes failed: Only part of a ReadProcessMemory or WriteProcessMemory request was completed. (0x12B)
[1205/140330.350:ERROR:process_memory_win.cc(73)] ReadMemory at 0xa966d5b000 of 6024 bytes failed: Only part of a ReadProcessMemory or WriteProcessMemory request was completed. (0x12B)
[1205/140330.350:ERROR:process_memory_win.cc(73)] ReadMemory at 0xa966d5d000 of 6024 bytes failed: Only part of a ReadProcessMemory or WriteProcessMemory request was completed. (0x12B)
[1205/140330.350:ERROR:process_memory_win.cc(73)] ReadMemory at 0xa966d5f000 of 6024 bytes failed: Only part of a ReadProcessMemory or WriteProcessMemory request was completed. (0x12B)
[1205/140330.350:ERROR:process_memory_win.cc(73)] ReadMemory at 0xa966d61000 of 6024 bytes failed: Only part of a ReadProcessMemory or WriteProcessMemory request was completed. (0x12B)
[1205/140330.350:ERROR:process_memory_win.cc(73)] ReadMemory at 0xa966d63000 of 6024 bytes failed: Only part of a ReadProcessMemory or WriteProcessMemory request was completed. (0x12B)
[1205/140330.350:ERROR:process_memory_win.cc(73)] ReadMemory at 0xa966d65000 of 6024 bytes failed: Only part of a ReadProcessMemory or WriteProcessMemory request was completed. (0x12B)
[1205/140330.351:ERROR:process_memory_win.cc(73)] ReadMemory at 0xa966d67000 of 6024 bytes failed: Only part of a ReadProcessMemory or WriteProcessMemory request was completed. (0x12B)
[1205/140330.351:ERROR:process_memory_win.cc(73)] ReadMemory at 0xa966d69000 of 6024 bytes failed: Only part of a ReadProcessMemory or WriteProcessMemory request was completed. (0x12B)
[1205/140330.351:ERROR:process_memory_win.cc(73)] ReadMemory at 0xa966d6b000 of 6024 bytes failed: Only part of a ReadProcessMemory or WriteProcessMemory request was completed. (0x12B)
[1205/140330.351:ERROR:process_memory_win.cc(73)] ReadMemory at 0xa966d6d000 of 6024 bytes failed: Only part of a ReadProcessMemory or WriteProcessMemory request was completed. (0x12B)
[1205/140330.351:ERROR:process_memory_win.cc(73)] ReadMemory at 0xa966d6f000 of 6024 bytes failed: Only part of a ReadProcessMemory or WriteProcessMemory request was completed. (0x12B)
[1205/140330.352:ERROR:process_memory_win.cc(73)] ReadMemory at 0xa966d71000 of 6024 bytes failed: Only part of a ReadProcessMemory or WriteProcessMemory request was completed. (0x12B)
[1205/140330.352:ERROR:process_memory_win.cc(73)] ReadMemory at 0x1c3bf6d0750 of 80 bytes failed: Only part of a ReadProcessMemory or WriteProcessMemory request was completed. (0x12B)
[1205/140330.352:ERROR:process_memory_win.cc(73)] ReadMemory at 0x1c3bf6d0fe0 of 5022 bytes failed: Only part of a ReadProcessMemory or WriteProcessMemory request was completed. (0x12B)
[1205/140330.352:ERROR:process_memory_win.cc(73)] ReadMemory at 0x1c3bf6d2390 of 1012 bytes failed: Only part of a ReadProcessMemory or WriteProcessMemory request was completed. (0x12B)
[1205/140330.352:ERROR:process_memory_win.cc(73)] ReadMemory at 0x1c3bf6d29d8 of 118 bytes failed: Only part of a ReadProcessMemory or WriteProcessMemory request was completed. (0x12B)
[1205/140330.352:ERROR:process_memory_win.cc(73)] ReadMemory at 0x1c3bf6d2a50 of 862 bytes failed: Only part of a ReadProcessMemory or WriteProcessMemory request was completed. (0x12B)
[1205/140330.352:ERROR:process_memory_win.cc(73)] ReadMemory at 0x1c3bf6d2db0 of 118 bytes failed: Only part of a ReadProcessMemory or WriteProcessMemory request was completed. (0x12B)
[1205/140330.352:ERROR:process_memory_win.cc(73)] ReadMemory at 0x1c3bf6d2e28 of 100 bytes failed: Only part of a ReadProcessMemory or WriteProcessMemory request was completed. (0x12B)
[1205/140330.352:ERROR:process_memory_win.cc(73)] ReadMemory at 0x1c3bf6d2ea0 of 58 bytes failed: Only part of a ReadProcessMemory or WriteProcessMemory request was completed. (0x12B)
[1205/140330.352:ERROR:process_memory_win.cc(73)] ReadMemory at 0x1c3bf6d2fa0 of 132 bytes failed: Only part of a ReadProcessMemory or WriteProcessMemory request was completed. (0x12B)
[1205/140330.353:ERROR:process_memory_win.cc(73)] ReadMemory at 0x1c3bf6d3130 of 132 bytes failed: Only part of a ReadProcessMemory or WriteProcessMemory request was completed. (0x12B)
[1205/140330.353:ERROR:process_memory_win.cc(73)] ReadMemory at 0x1c3bf6d32f0 of 126 bytes failed: Only part of a ReadProcessMemory or WriteProcessMemory request was completed. (0x12B)
[1205/140330.353:ERROR:process_memory_win.cc(73)] ReadMemory at 0x1c3bf6d36d0 of 132 bytes failed: Only part of a ReadProcessMemory or WriteProcessMemory request was completed. (0x12B)
[1205/140330.353:ERROR:process_memory_win.cc(73)] ReadMemory at 0x1c3bf6d3860 of 64 bytes failed: Only part of a ReadProcessMemory or WriteProcessMemory request was completed. (0x12B)
[1205/140330.353:ERROR:process_memory_win.cc(73)] ReadMemory at 0x1c3bf6d3a20 of 158 bytes failed: Only part of a ReadProcessMemory or WriteProcessMemory request was completed. (0x12B)
[1205/140330.353:ERROR:process_memory_win.cc(73)] ReadMemory at 0x1c3bf6d3cc0 of 132 bytes failed: Only part of a ReadProcessMemory or WriteProcessMemory request was completed. (0x12B)
[1205/140330.353:ERROR:process_memory_win.cc(73)] ReadMemory at 0x1c3bf6d3e50 of 68 bytes failed: Only part of a ReadProcessMemory or WriteProcessMemory request was completed. (0x12B)
[1205/140330.353:ERROR:process_memory_win.cc(73)] ReadMemory at 0x1c3bf6d4e70 of 132 bytes failed: Only part of a ReadProcessMemory or WriteProcessMemory request was completed. (0x12B)
[1205/140330.354:ERROR:process_memory_win.cc(73)] ReadMemory at 0x1c3bf6d4fd0 of 132 bytes failed: Only part of a ReadProcessMemory or WriteProcessMemory request was completed. (0x12B)
[1205/140330.354:ERROR:process_memory_win.cc(73)] ReadMemory at 0x1c3bf6d5100 of 154 bytes failed: Only part of a ReadProcessMemory or WriteProcessMemory request was completed. (0x12B)
[1205/140330.354:ERROR:process_memory_win.cc(73)] ReadMemory at 0x1c3bf6d5e7c of 512 bytes failed: Only part of a ReadProcessMemory or WriteProcessMemory request was completed. (0x12B)
[1205/140330.354:ERROR:process_memory_win.cc(73)] ReadMemory at 0x1c3bf6d6bb0 of 62 bytes failed: Only part of a ReadProcessMemory or WriteProcessMemory request was completed. (0x12B)
[1205/140330.354:ERROR:process_memory_win.cc(73)] ReadMemory at 0x1c3bf6d6c00 of 132 bytes failed: Only part of a ReadProcessMemory or WriteProcessMemory request was completed. (0x12B)
[1205/140330.354:ERROR:process_memory_win.cc(73)] ReadMemory at 0x1c3bf6d6da0 of 132 bytes failed: Only part of a ReadProcessMemory or WriteProcessMemory request was completed. (0x12B)
[1205/140330.354:ERROR:process_memory_win.cc(73)] ReadMemory at 0x1c3bf6d6ed0 of 60 bytes failed: Only part of a ReadProcessMemory or WriteProcessMemory request was completed. (0x12B)
[1205/140330.354:ERROR:process_memory_win.cc(73)] ReadMemory at 0x1c3bf6d7140 of 132 bytes failed: Only part of a ReadProcessMemory or WriteProcessMemory request was completed. (0x12B)
[1205/140330.354:ERROR:process_memory_win.cc(73)] ReadMemory at 0x1c3bf6d7cb0 of 132 bytes failed: Only part of a ReadProcessMemory or WriteProcessMemory request was completed. (0x12B)
[1205/140330.355:ERROR:process_memory_win.cc(73)] ReadMemory at 0x1c3bf6dabb0 of 60 bytes failed: Only part of a ReadProcessMemory or WriteProcessMemory request was completed. (0x12B)
[1205/140330.355:ERROR:process_memory_win.cc(73)] ReadMemory at 0x1c3bf6dac00 of 64 bytes failed: Only part of a ReadProcessMemory or WriteProcessMemory request was completed. (0x12B)
[1205/140330.355:ERROR:process_memory_win.cc(73)] ReadMemory at 0x1c3bf6daca0 of 60 bytes failed: Only part of a ReadProcessMemory or WriteProcessMemory request was completed. (0x12B)
[1205/140330.355:ERROR:process_memory_win.cc(73)] ReadMemory at 0x1c3bf6dade0 of 64 bytes failed: Only part of a ReadProcessMemory or WriteProcessMemory request was completed. (0x12B)
[1205/140330.355:ERROR:process_memory_win.cc(73)] ReadMemory at 0x1c3bf6daed0 of 64 bytes failed: Only part of a ReadProcessMemory or WriteProcessMemory request was completed. (0x12B)
[1205/140330.355:ERROR:process_memory_win.cc(73)] ReadMemory at 0x1c3bf6daf20 of 62 bytes failed: Only part of a ReadProcessMemory or WriteProcessMemory request was completed. (0x12B)
[1205/140330.355:ERROR:process_memory_win.cc(73)] ReadMemory at 0x1c3bf6db010 of 64 bytes failed: Only part of a ReadProcessMemory or WriteProcessMemory request was completed. (0x12B)
[1205/140330.355:ERROR:process_memory_win.cc(73)] ReadMemory at 0x1c3bf6db290 of 66 bytes failed: Only part of a ReadProcessMemory or WriteProcessMemory request was completed. (0x12B)
[1205/140330.355:ERROR:process_memory_win.cc(73)] ReadMemory at 0x1c3bf6db2e0 of 62 bytes failed: Only part of a ReadProcessMemory or WriteProcessMemory request was completed. (0x12B)
[1205/140330.355:ERROR:process_memory_win.cc(73)] ReadMemory at 0x1c3bf6db3c0 of 132 bytes failed: Only part of a ReadProcessMemory or WriteProcessMemory request was completed. (0x12B)
[1205/140330.355:ERROR:process_memory_win.cc(73)] ReadMemory at 0x1c3bf6db4f0 of 132 bytes failed: Only part of a ReadProcessMemory or WriteProcessMemory request was completed. (0x12B)
[1205/140330.356:ERROR:process_memory_win.cc(73)] ReadMemory at 0x1c3bf6db620 of 132 bytes failed: Only part of a ReadProcessMemory or WriteProcessMemory request was completed. (0x12B)
[1205/140330.356:ERROR:process_memory_win.cc(73)] ReadMemory at 0x1c3bf6db750 of 132 bytes failed: Only part of a ReadProcessMemory or WriteProcessMemory request was completed. (0x12B)
[1205/140330.356:ERROR:process_memory_win.cc(73)] ReadMemory at 0x1c3bf6db880 of 132 bytes failed: Only part of a ReadProcessMemory or WriteProcessMemory request was completed. (0x12B)
[1205/140330.356:ERROR:process_memory_win.cc(73)] ReadMemory at 0x1c3bf6db9b0 of 132 bytes failed: Only part of a ReadProcessMemory or WriteProcessMemory request was completed. (0x12B)
[1205/140330.356:ERROR:process_memory_win.cc(73)] ReadMemory at 0x1c3bf6dbae0 of 132 bytes failed: Only part of a ReadProcessMemory or WriteProcessMemory request was completed. (0x12B)
[1205/140330.356:ERROR:process_memory_win.cc(73)] ReadMemory at 0x1c3bf6dbc10 of 132 bytes failed: Only part of a ReadProcessMemory or WriteProcessMemory request was completed. (0x12B)
[1205/140330.356:ERROR:process_memory_win.cc(73)] ReadMemory at 0x1c3bf6dbd40 of 132 bytes failed: Only part of a ReadProcessMemory or WriteProcessMemory request was completed. (0x12B)
[1205/140330.356:ERROR:process_memory_win.cc(73)] ReadMemory at 0x1c3bf6dbe70 of 132 bytes failed: Only part of a ReadProcessMemory or WriteProcessMemory request was completed. (0x12B)
[1205/140330.356:ERROR:process_memory_win.cc(73)] ReadMemory at 0x1c3bf6dc0d0 of 132 bytes failed: Only part of a ReadProcessMemory or WriteProcessMemory request was completed. (0x12B)
[1205/140330.356:ERROR:process_memory_win.cc(73)] ReadMemory at 0x1c3bf6dc200 of 132 bytes failed: Only part of a ReadProcessMemory or WriteProcessMemory request was completed. (0x12B)
[1205/140330.357:ERROR:process_memory_win.cc(73)] ReadMemory at 0x1c3bf6dddf0 of 54 bytes failed: Only part of a ReadProcessMemory or WriteProcessMemory request was completed. (0x12B)
[1205/140330.357:ERROR:process_memory_win.cc(73)] ReadMemory at 0x1c3bf6deec0 of 132 bytes failed: Only part of a ReadProcessMemory or WriteProcessMemory request was completed. (0x12B)
[1205/140330.357:ERROR:process_memory_win.cc(73)] ReadMemory at 0x1c3bf6dfa90 of 132 bytes failed: Only part of a ReadProcessMemory or WriteProcessMemory request was completed. (0x12B)
[1205/140330.357:ERROR:process_memory_win.cc(73)] ReadMemory at 0x1c3bf6dfbc0 of 132 bytes failed: Only part of a ReadProcessMemory or WriteProcessMemory request was completed. (0x12B)
[1205/140330.357:ERROR:process_memory_win.cc(73)] ReadMemory at 0x1c3bf6e0640 of 132 bytes failed: Only part of a ReadProcessMemory or WriteProcessMemory request was completed. (0x12B)
[1205/140330.357:ERROR:process_memory_win.cc(73)] ReadMemory at 0x1c3bf6e2300 of 132 bytes failed: Only part of a ReadProcessMemory or WriteProcessMemory request was completed. (0x12B)
[1205/140330.357:ERROR:process_memory_win.cc(73)] ReadMemory at 0x1c3bf6e2430 of 132 bytes failed: Only part of a ReadProcessMemory or WriteProcessMemory request was completed. (0x12B)
[1205/140330.357:ERROR:process_memory_win.cc(73)] ReadMemory at 0x1c3bf6e40e0 of 132 bytes failed: Only part of a ReadProcessMemory or WriteProcessMemory request was completed. (0x12B)
[1205/140330.357:ERROR:process_memory_win.cc(73)] ReadMemory at 0x1c3bf6e4b80 of 76 bytes failed: Only part of a ReadProcessMemory or WriteProcessMemory request was completed. (0x12B)
[1205/140330.357:ERROR:process_memory_win.cc(73)] ReadMemory at 0x1c3bf6e5710 of 62 bytes failed: Only part of a ReadProcessMemory or WriteProcessMemory request was completed. (0x12B)
[1205/140330.358:ERROR:process_memory_win.cc(73)] ReadMemory at 0x1c3bf6e58f0 of 64 bytes failed: Only part of a ReadProcessMemory or WriteProcessMemory request was completed. (0x12B)
[1205/140330.358:ERROR:process_memory_win.cc(73)] ReadMemory at 0x1c3bf6e5940 of 62 bytes failed: Only part of a ReadProcessMemory or WriteProcessMemory request was completed. (0x12B)
[1205/140330.358:ERROR:process_memory_win.cc(73)] ReadMemory at 0x1c3bf6e5990 of 66 bytes failed: Only part of a ReadProcessMemory or WriteProcessMemory request was completed. (0x12B)
[1205/140330.358:ERROR:process_memory_win.cc(73)] ReadMemory at 0x1c3bf6e5c60 of 64 bytes failed: Only part of a ReadProcessMemory or WriteProcessMemory request was completed. (0x12B)
[1205/140330.358:ERROR:process_memory_win.cc(73)] ReadMemory at 0x1c3bf6e5f80 of 60 bytes failed: Only part of a ReadProcessMemory or WriteProcessMemory request was completed. (0x12B)
[1205/140330.358:ERROR:process_memory_win.cc(73)] ReadMemory at 0x1c3bf6e5fd0 of 62 bytes failed: Only part of a ReadProcessMemory or WriteProcessMemory request was completed. (0x12B)
[1205/140330.358:ERROR:process_memory_win.cc(73)] ReadMemory at 0x1c3bf6e6020 of 64 bytes failed: Only part of a ReadProcessMemory or WriteProcessMemory request was completed. (0x12B)
[1205/140330.358:ERROR:process_memory_win.cc(73)] ReadMemory at 0x1c3bf6e6070 of 62 bytes failed: Only part of a ReadProcessMemory or WriteProcessMemory request was completed. (0x12B)
[1205/140330.358:ERROR:process_memory_win.cc(73)] ReadMemory at 0x1c3bf6e60c0 of 60 bytes failed: Only part of a ReadProcessMemory or WriteProcessMemory request was completed. (0x12B)
[1205/140330.358:ERROR:process_memory_win.cc(73)] ReadMemory at 0x1c3bf6e6160 of 58 bytes failed: Only part of a ReadProcessMemory or WriteProcessMemory request was completed. (0x12B)
[1205/140330.359:ERROR:process_memory_win.cc(73)] ReadMemory at 0x1c3bf6e61b0 of 62 bytes failed: Only part of a ReadProcessMemory or WriteProcessMemory request was completed. (0x12B)
[1205/140330.359:ERROR:process_memory_win.cc(73)] ReadMemory at 0x1c3bf6e6200 of 62 bytes failed: Only part of a ReadProcessMemory or WriteProcessMemory request was completed. (0x12B)
[1205/140330.359:ERROR:process_memory_win.cc(73)] ReadMemory at 0x1c3bf6e6250 of 62 bytes failed: Only part of a ReadProcessMemory or WriteProcessMemory request was completed. (0x12B)
[1205/140330.359:ERROR:process_memory_win.cc(73)] ReadMemory at 0x1c3bf6e62f0 of 64 bytes failed: Only part of a ReadProcessMemory or WriteProcessMemory request was completed. (0x12B)
[1205/140330.359:ERROR:process_memory_win.cc(73)] ReadMemory at 0x1c3bf6e63e0 of 60 bytes failed: Only part of a ReadProcessMemory or WriteProcessMemory request was completed. (0x12B)
[1205/140330.359:ERROR:process_memory_win.cc(73)] ReadMemory at 0x1c3bf6e6480 of 62 bytes failed: Only part of a ReadProcessMemory or WriteProcessMemory request was completed. (0x12B)
[1205/140330.359:ERROR:process_memory_win.cc(73)] ReadMemory at 0x1c3bf6e6660 of 60 bytes failed: Only part of a ReadProcessMemory or WriteProcessMemory request was completed. (0x12B)
[1205/140330.359:ERROR:process_memory_win.cc(73)] ReadMemory at 0x1c3bf6e6fa0 of 132 bytes failed: Only part of a ReadProcessMemory or WriteProcessMemory request was completed. (0x12B)
[1205/140330.359:ERROR:process_memory_win.cc(73)] ReadMemory at 0x1c3bf6e7460 of 132 bytes failed: Only part of a ReadProcessMemory or WriteProcessMemory request was completed. (0x12B)
[1205/140330.360:ERROR:process_memory_win.cc(73)] ReadMemory at 0x1c3bf6e7590 of 132 bytes failed: Only part of a ReadProcessMemory or WriteProcessMemory request was completed. (0x12B)
[1205/140330.360:ERROR:process_memory_win.cc(73)] ReadMemory at 0x1c3bf6e76c0 of 132 bytes failed: Only part of a ReadProcessMemory or WriteProcessMemory request was completed. (0x12B)
[1205/140330.360:ERROR:process_memory_win.cc(73)] ReadMemory at 0x1c3bf6e77f0 of 132 bytes failed: Only part of a ReadProcessMemory or WriteProcessMemory request was completed. (0x12B)
[1205/140330.360:ERROR:process_memory_win.cc(73)] ReadMemory at 0x1c3bf6e7920 of 132 bytes failed: Only part of a ReadProcessMemory or WriteProcessMemory request was completed. (0x12B)
[1205/140330.360:ERROR:process_memory_win.cc(73)] ReadMemory at 0x1c3bf6e8170 of 132 bytes failed: Only part of a ReadProcessMemory or WriteProcessMemory request was completed. (0x12B)
[1205/140330.360:ERROR:process_memory_win.cc(73)] ReadMemory at 0x1c3bf6e83d0 of 132 bytes failed: Only part of a ReadProcessMemory or WriteProcessMemory request was completed. (0x12B)
[1205/140330.360:ERROR:process_memory_win.cc(73)] ReadMemory at 0x1c3bf6e8d50 of 132 bytes failed: Only part of a ReadProcessMemory or WriteProcessMemory request was completed. (0x12B)
[1205/140330.360:ERROR:process_memory_win.cc(73)] ReadMemory at 0x1c3bf6e9d30 of 512 bytes failed: Only part of a ReadProcessMemory or WriteProcessMemory request was completed. (0x12B)
[1205/140330.360:ERROR:process_memory_win.cc(73)] ReadMemory at 0x1c3bf6fe800 of 512 bytes failed: Only part of a ReadProcessMemory or WriteProcessMemory request was completed. (0x12B)
[1205/140330.361:ERROR:process_memory_win.cc(73)] ReadMemory at 0x1c3bf972bc0 of 512 bytes failed: Only part of a ReadProcessMemory or WriteProcessMemory request was completed. (0x12B)
[1205/140330.361:ERROR:process_memory_win.cc(73)] ReadMemory at 0x1c3bf9b0000 of 384 bytes failed: Only part of a ReadProcessMemory or WriteProcessMemory request was completed. (0x12B)
[1205/140330.361:ERROR:process_memory_win.cc(73)] ReadMemory at 0x1c3bf9f5db0 of 512 bytes failed: Only part of a ReadProcessMemory or WriteProcessMemory request was completed. (0x12B)
[1205/140330.361:ERROR:process_memory_win.cc(73)] ReadMemory at 0x1c3bfa03450 of 512 bytes failed: Only part of a ReadProcessMemory or WriteProcessMemory request was completed. (0x12B)
[1205/140330.361:ERROR:process_memory_win.cc(73)] ReadMemory at 0x1c3bfa1e030 of 712 bytes failed: Only part of a ReadProcessMemory or WriteProcessMemory request was completed. (0x12B)
[1205/140330.361:ERROR:process_memory_win.cc(73)] ReadMemory at 0x1c3bfa31af8 of 656 bytes failed: Only part of a ReadProcessMemory or WriteProcessMemory request was completed. (0x12B)
[1205/140330.361:ERROR:process_memory_win.cc(73)] ReadMemory at 0x1c3bfa32998 of 512 bytes failed: Only part of a ReadProcessMemory or WriteProcessMemory request was completed. (0x12B)
[1205/140330.361:ERROR:process_memory_win.cc(73)] ReadMemory at 0x1c3bfa35168 of 512 bytes failed: Only part of a ReadProcessMemory or WriteProcessMemory request was completed. (0x12B)
[1205/140330.361:ERROR:process_memory_win.cc(73)] ReadMemory at 0x1c3bfa38550 of 512 bytes failed: Only part of a ReadProcessMemory or WriteProcessMemory request was completed. (0x12B)
[1205/140330.362:ERROR:process_memory_win.cc(73)] ReadMemory at 0x1c3c18d1f50 of 512 bytes failed: Only part of a ReadProcessMemory or WriteProcessMemory request was completed. (0x12B)
[1205/140330.362:ERROR:process_memory_win.cc(73)] ReadMemory at 0x1c3c18d5108 of 512 bytes failed: Only part of a ReadProcessMemory or WriteProcessMemory request was completed. (0x12B)
[1205/140330.362:ERROR:process_memory_win.cc(73)] ReadMemory at 0x1c3c18d5738 of 512 bytes failed: Only part of a ReadProcessMemory or WriteProcessMemory request was completed. (0x12B)
[1205/140330.362:ERROR:process_memory_win.cc(73)] ReadMemory at 0x1c3c1986aa0 of 512 bytes failed: Only part of a ReadProcessMemory or WriteProcessMemory request was completed. (0x12B)
[1205/140330.362:ERROR:process_memory_win.cc(73)] ReadMemory at 0x1c3c19b36d0 of 512 bytes failed: Only part of a ReadProcessMemory or WriteProcessMemory request was completed. (0x12B)
[1205/140330.362:ERROR:process_memory_win.cc(73)] ReadMemory at 0x7ffe21a8be82 of 512 bytes failed: Only part of a ReadProcessMemory or WriteProcessMemory request was completed. (0x12B)
[1205/140330.362:ERROR:process_memory_win.cc(73)] ReadMemory at 0x7ffe2203c62c of 512 bytes failed: Only part of a ReadProcessMemory or WriteProcessMemory request was completed. (0x12B)
[1205/140330.362:ERROR:process_memory_win.cc(73)] ReadMemory at 0x7ffe227a5294 of 553 bytes failed: Only part of a ReadProcessMemory or WriteProcessMemory request was completed. (0x12B)
[1205/140330.362:ERROR:process_memory_win.cc(73)] ReadMemory at 0x7ffe25773250 of 512 bytes failed: Only part of a ReadProcessMemory or WriteProcessMemory request was completed. (0x12B)
[1205/140330.363:ERROR:process_memory_win.cc(73)] ReadMemory at 0x7ffe6222b6d0 of 512 bytes failed: Only part of a ReadProcessMemory or WriteProcessMemory request was completed. (0x12B)
[1205/140330.363:ERROR:process_memory_win.cc(73)] ReadMemory at 0x7ffe6451c0c4 of 512 bytes failed: Only part of a ReadProcessMemory or WriteProcessMemory request was completed. (0x12B)
[1205/140330.363:ERROR:process_memory_win.cc(73)] ReadMemory at 0x7ffe6451c6c4 of 512 bytes failed: Only part of a ReadProcessMemory or WriteProcessMemory request was completed. (0x12B)
[1205/140330.363:ERROR:process_memory_win.cc(73)] ReadMemory at 0x7ffe6451f974 of 608 bytes failed: Only part of a ReadProcessMemory or WriteProcessMemory request was completed. (0x12B)
[1205/140330.363:ERROR:process_memory_win.cc(73)] ReadMemory at 0x7ffe645ac428 of 18 bytes failed: Only part of a ReadProcessMemory or WriteProcessMemory request was completed. (0x12B)
[1205/140330.363:ERROR:process_memory_win.cc(73)] ReadMemory at 0x7ffe645df4f8 of 40 bytes failed: Only part of a ReadProcessMemory or WriteProcessMemory request was completed. (0x12B)
[1205/140330.363:ERROR:process_memory_win.cc(73)] ReadMemory at 0x7ffe645df978 of 48 bytes failed: Only part of a ReadProcessMemory or WriteProcessMemory request was completed. (0x12B)
[1205/140330.363:ERROR:process_memory_win.cc(73)] ReadMemory at 0x7ffe645e53c0 of 64 bytes failed: Only part of a ReadProcessMemory or WriteProcessMemory request was completed. (0x12B)
[1205/140330.367:ERROR:scoped_process_suspend.cc(40)] NtResumeProcess: An attempt was made to access an exiting process. (0xc000010a)
